Fri Sep 11 15:21:21 EDT 2020
Working directory: /not_backed_up/oj287/isabel/RDP2
Parameters:
    Coord   = equatorial
    Channel = left
    Cali    = interpolated
    Bg      = 6.0
    RFT     = 0.35
    Wgt     = 0.33
    TS      = 1
    Raw     = 0
    LSS     = 0
    Phot    = 1
    Apt     = 1.25
    Ann     = 3.0
    Fd      = center
    Loc     = 0
    Trm     = 0
    M10     = 0
Processing /not_backed_up/oj287/isabel/RDP2/*.fits
/not_backed_up/oj287/isabel/RDP2/*.fits failed to process and is not finished
---------------
Fri Sep 11 15:21:31 EDT 2020
Working directory: /not_backed_up/oj287/isabel/RDP2
Parameters:
    Coord   = equatorial
    Channel = left
    Cali    = interpolated
    Bg      = 6.0
    RFT     = 0.35
    Wgt     = 0.33
    TS      = 1
    Raw     = 0
    LSS     = 0
    Phot    = 1
    Apt     = 1.25
    Ann     = 3.0
    Fd      = center
    Loc     = 0
    Trm     = 0
    M10     = 0
Processing /not_backed_up/oj287/isabel/RDP2/*.fits
/not_backed_up/oj287/isabel/RDP2/*.fits failed to process and is not finished
---------------
Fri Sep 11 15:23:35 EDT 2020
Working directory: /not_backed_up/oj287/isabel/RDP2
Parameters:
    Coord   = equatorial
    Channel = left
    Cali    = interpolated
    Bg      = 6.0
    RFT     = 0.35
    Wgt     = 0.33
    TS      = 1
    Raw     = 0
    LSS     = 0
    Phot    = 1
    Apt     = 1.25
    Ann     = 3.0
    Fd      = center
    Loc     = 0
    Trm     = 0
    M10     = 0
Processing /not_backed_up/oj287/isabel/RDP2/Skynet_58711_moon_01_41376_50033.cyb.fits
/not_backed_up/oj287/isabel/RDP2/Skynet_58711_moon_01_41376_50033.cyb.fits failed to process and is not finished
---------------
Fri Sep 11 15:24:12 EDT 2020
Working directory: /not_backed_up/oj287/isabel/RDP2
Parameters:
    Coord   = equatorial
    Channel = left
    Cali    = interpolated
    Bg      = 6.0
    RFT     = 0.35
    Wgt     = 0.33
    TS      = 1
    Raw     = 0
    LSS     = 0
    Phot    = 1
    Apt     = 1.25
    Ann     = 3.0
    Fd      = center
    Loc     = 0
    Trm     = 0
    M10     = 0
Processing /not_backed_up/oj287/isabel/RDP2/Skynet_58711_moon_01_41376_50033.cyb.fits
/not_backed_up/oj287/isabel/RDP2/Skynet_58711_moon_01_41376_50033.cyb.fits failed to process and is not finished
---------------
Fri Sep 11 15:24:57 EDT 2020
Working directory: /not_backed_up/oj287/isabel/RDP2
Parameters:
    Coord   = equatorial
    Channel = left
    Cali    = interpolated
    Bg      = 6.0
    RFT     = 0.35
    Wgt     = 0.33
    TS      = 1
    Raw     = 0
    LSS     = 0
    Phot    = 1
    Apt     = 1.25
    Ann     = 3.0
    Fd      = center
    Loc     = 0
    Trm     = 0
    M10     = 0
Processing /not_backed_up/oj287/isabel/RDP2/Skynet_58711_moon_01_41376_50033.cyb.fits
/not_backed_up/oj287/isabel/RDP2/Skynet_58711_moon_01_41376_50033.cyb.fits failed to process and is not finished
---------------
Fri Sep 11 15:25:15 EDT 2020
Working directory: /not_backed_up/oj287/isabel/RDP2
Parameters:
    Coord   = equatorial
    Channel = left
    Cali    = interpolated
    Bg      = 6.0
    RFT     = 0.35
    Wgt     = 0.33
    TS      = 1
    Raw     = 0
    LSS     = 0
    Phot    = 1
    Apt     = 1.25
    Ann     = 3.0
    Fd      = center
    Loc     = 0
    Trm     = 0
    M10     = 0
Processing /not_backed_up/oj287/isabel/RDP2/Skynet_58711_moon_01_41376_50033.cyb.fits
/not_backed_up/oj287/isabel/RDP2/Skynet_58711_moon_01_41376_50033.cyb.fits failed to process and is not finished
---------------
Fri Sep 11 15:28:39 EDT 2020
Working directory: /not_backed_up/oj287/isabel/RDP2
Parameters:
    Coord   = equatorial
    Channel = left
    Cali    = interpolated
    Bg      = 6.0
    RFT     = 0.35
    Wgt     = 0.33
    TS      = 1
    Raw     = 0
    LSS     = 0
    Phot    = 1
    Apt     = 1.25
    Ann     = 3.0
    Fd      = center
    Loc     = 0
    Trm     = 0
    M10     = 0
Processing /not_backed_up/oj287/isabel/RDP2/Skynet_58711_moon_01_41376_50033.cyb.fits
/not_backed_up/oj287/isabel/RDP2/Skynet_58711_moon_01_41376_50033.cyb.fits failed to process and is not finished
---------------
Fri Sep 11 15:28:56 EDT 2020
Working directory: /not_backed_up/oj287/isabel/RDP2
Parameters:
    Coord   = equatorial
    Channel = left
    Cali    = interpolated
    Bg      = 6.0
    RFT     = 0.35
    Wgt     = 0.33
    TS      = 1
    Raw     = 0
    LSS     = 0
    Phot    = 1
    Apt     = 1.25
    Ann     = 3.0
    Fd      = center
    Loc     = 0
    Trm     = 0
    M10     = 0
Processing /not_backed_up/oj287/isabel/RDP2/Skynet_58711_moon_01_41376_50033.cyb.fits
/not_backed_up/oj287/isabel/RDP2/Skynet_58711_moon_01_41376_50033.cyb.fits failed to process and is not finished
---------------
Fri Sep 11 15:35:05 EDT 2020
Working directory: /not_backed_up/oj287/isabel/RDP2
Parameters:
    Coord   = equatorial
    Channel = left
    Cali    = interpolated
    Bg      = 6.0
    RFT     = 0.35
    Wgt     = 0.33
    TS      = 1
    Raw     = 0
    LSS     = 0
    Phot    = 1
    Apt     = 1.25
    Ann     = 3.0
    Fd      = center
    Loc     = 0
    Trm     = 0
    M10     = 0
Processing /not_backed_up/oj287/isabel/RDP2/Skynet_58711_moon_01_41376_50033.cyb.fits
/not_backed_up/oj287/isabel/RDP2/Skynet_58711_moon_01_41376_50033.cyb.fits failed to process and is not finished
---------------
Fri Sep 11 15:35:07 EDT 2020
Working directory: /not_backed_up/oj287/isabel/RDP2
Parameters:
    Coord   = equatorial
    Channel = left
    Cali    = interpolated
    Bg      = 6.0
    RFT     = 0.35
    Wgt     = 0.33
    TS      = 1
    Raw     = 0
    LSS     = 0
    Phot    = 1
    Apt     = 1.25
    Ann     = 3.0
    Fd      = center
    Loc     = 0
    Trm     = 0
    M10     = 0
Processing /not_backed_up/oj287/isabel/RDP2/Skynet_58711_moon_01_41376_50033.cyb.fits
/not_backed_up/oj287/isabel/RDP2/Skynet_58711_moon_01_41376_50033.cyb.fits failed to process and is not finished
---------------
Fri Sep 11 15:36:55 EDT 2020
Working directory: /not_backed_up/oj287/isabel/RDP2
Parameters:
    Coord   = equatorial
    Channel = left
    Cali    = interpolated
    Bg      = 6.0
    RFT     = 0.35
    Wgt     = 0.33
    TS      = 1
    Raw     = 0
    LSS     = 0
    Phot    = 1
    Apt     = 1.25
    Ann     = 3.0
    Fd      = center
    Loc     = 0
    Trm     = 0
    M10     = 0
file
Processing /not_backed_up/oj287/isabel/RDP2/Skynet_58711_moon_01_41376_50033.cyb.fits
/not_backed_up/oj287/isabel/RDP2/Skynet_58711_moon_01_41376_50033.cyb.fits failed to process and is not finished
---------------
Fri Sep 11 15:37:44 EDT 2020
Working directory: /not_backed_up/oj287/isabel/RDP2
Parameters:
    Coord   = equatorial
    Channel = left
    Cali    = interpolated
    Bg      = 6.0
    RFT     = 0.35
    Wgt     = 0.33
    TS      = 1
    Raw     = 0
    LSS     = 0
    Phot    = 1
    Apt     = 1.25
    Ann     = 3.0
    Fd      = center
    Loc     = 0
    Trm     = 0
    M10     = 0
Processing /not_backed_up/oj287/isabel/RDP2/Skynet_58711_moon_01_41376_50033.cyb.fits
/not_backed_up/oj287/isabel/RDP2/Skynet_58711_moon_01_41376_50033.cyb.fits failed to process and is not finished
---------------
Fri Sep 11 15:40:16 EDT 2020
Working directory: /not_backed_up/oj287/isabel/RDP2
Parameters:
    Coord   = equatorial
    Channel = left
    Cali    = interpolated
    Bg      = 6.0
    RFT     = 0.35
    Wgt     = 0.33
    TS      = 1
    Raw     = 0
    LSS     = 0
    Phot    = 1
    Apt     = 1.25
    Ann     = 3.0
    Fd      = center
    Loc     = 0
    Trm     = 0
    M10     = 0
Processing /not_backed_up/oj287/isabel/RDP2/Skynet_58711_moon_01_41376_50033.cyb.fits
/not_backed_up/oj287/isabel/RDP2/Skynet_58711_moon_01_41376_50033.cyb.fits failed to process and is not finished
---------------
Fri Sep 11 15:40:38 EDT 2020
Working directory: .
Parameters:
    Coord   = equatorial
    Channel = left
    Cali    = interpolated
    Bg      = 6.0
    RFT     = 0.35
    Wgt     = 0.33
    TS      = 1
    Raw     = 0
    LSS     = 0
    Phot    = 1
    Apt     = 1.25
    Ann     = 3.0
    Fd      = center
    Loc     = 0
    Trm     = 0
    M10     = 0
Processing ./Skynet_58711_moon_01_41376_50033.cyb.fits
./Skynet_58711_moon_01_41376_50033.cyb.fits failed to process and is not finished
---------------
Fri Sep 11 15:41:06 EDT 2020
Working directory: /not_backed_up/oj287/isabel/RDP2
Parameters:
    Coord   = equatorial
    Channel = left
    Cali    = interpolated
    Bg      = 6.0
    RFT     = 0.35
    Wgt     = 0.33
    TS      = 1
    Raw     = 0
    LSS     = 0
    Phot    = 1
    Apt     = 1.25
    Ann     = 3.0
    Fd      = center
    Loc     = 0
    Trm     = 0
    M10     = 0
Processing /not_backed_up/oj287/isabel/RDP2/Skynet_58711_moon_01_41376_50033.cyb.fits
/not_backed_up/oj287/isabel/RDP2/Skynet_58711_moon_01_41376_50033.cyb.fits failed to process and is not finished
---------------
Fri Sep 11 15:47:11 EDT 2020
Working directory: /not_backed_up/oj287/isabel/RDP2
Parameters:
    Coord   = equatorial
    Channel = left
    Cali    = interpolated
    Bg      = 6.0
    RFT     = 0.35
    Wgt     = 0.33
    TS      = 1
    Raw     = 0
    LSS     = 0
    Phot    = 1
    Apt     = 1.25
    Ann     = 3.0
    Fd      = center
    Loc     = 0
    Trm     = 0
    M10     = 0
Processing /not_backed_up/oj287/isabel/RDP2/Skynet_58711_moon_01_41376_50033.cyb.fits
/not_backed_up/oj287/isabel/RDP2/Skynet_58711_moon_01_41376_50033.cyb.fits failed to process and is not finished
---------------
Thu Oct  8 00:38:29 EDT 2020
Working directory: .
Parameters:
    Coord   = equatorial
    Channel = left
    Cali    = interpolated
    Bg      = 6.0
    RFT     = 0.35
    Wgt     = 0.33
    TS      = 1
    Raw     = 0
    LSS     = 0
    Phot    = 1
    Apt     = 1.25
    Ann     = 3.0
    Fd      = center
    Loc     = 0
    Trm     = 0
    M10     = 0
Processing ./Skynet_58711_moon_01_41376_50033.cyb.fits
./Skynet_58711_moon_01_41376_50033.cyb.fits failed to process and is not finished
---------------
Fri Nov 20 17:14:10 EST 2020
Working directory: /not_backed_up/oj287/isabel/RDP2
Parameters:
    Coord   = equatorial
    Channel = left
    Cali    = interpolated
    Bg      = 6.0
    RFT     = 0.35
    Wgt     = 0.33
    TS      = 1
    Raw     = 0
    LSS     = 0
    Phot    = 1
    Apt     = 1.25
    Ann     = 3.0
    Fd      = center
    Loc     = 0
    Trm     = 0
    M10     = 0
Processing /not_backed_up/oj287/isabel/RDP2/40872_oj287_jul_24_1700_phot_2.txt
/not_backed_up/oj287/isabel/RDP2/40872_oj287_jul_24_1700_phot_2.txt failed to process and is not finished
---------------
Processing /not_backed_up/oj287/isabel/RDP2/40873_oj287_jul_24_1800_phot_2.txt
/not_backed_up/oj287/isabel/RDP2/40873_oj287_jul_24_1800_phot_2.txt failed to process and is not finished
---------------
Fri Nov 20 17:16:06 EST 2020
Working directory: /not_backed_up/oj287/isabel/RDP2
Parameters:
    Coord   = equatorial
    Channel = left
    Cali    = interpolated
    Bg      = 6.0
    RFT     = 0.35
    Wgt     = 0.33
    TS      = 1
    Raw     = 0
    LSS     = 0
    Phot    = 1
    Apt     = 1.25
    Ann     = 3.0
    Fd      = center
    Loc     = 0
    Trm     = 0
    M10     = 0
Processing /not_backed_up/oj287/isabel/RDP2/40872_oj287_jul_24_1700_phot_2.txt
/not_backed_up/oj287/isabel/RDP2/40872_oj287_jul_24_1700_phot_2.txt failed to process and is not finished
---------------
Processing /not_backed_up/oj287/isabel/RDP2/40873_oj287_jul_24_1800_phot_2.txt
/not_backed_up/oj287/isabel/RDP2/40873_oj287_jul_24_1800_phot_2.txt failed to process and is not finished
---------------
Fri Nov 20 17:16:08 EST 2020
Working directory: /not_backed_up/oj287/isabel/RDP2
Parameters:
    Coord   = equatorial
    Channel = left
    Cali    = interpolated
    Bg      = 6.0
    RFT     = 0.35
    Wgt     = 0.33
    TS      = 1
    Raw     = 0
    LSS     = 0
    Phot    = 1
    Apt     = 1.25
    Ann     = 3.0
    Fd      = center
    Loc     = 0
    Trm     = 0
    M10     = 0
Processing /not_backed_up/oj287/isabel/RDP2/40872_oj287_jul_24_1700_phot_2.txt
Thu Dec  3 00:44:45 EST 2020
Working directory: /not_backed_up/oj287/isabel/RDP2
Parameters:
    Coord   = equatorial
    Channel = left
    Cali    = interpolated
    Bg      = 6.0
    RFT     = 0.35
    Wgt     = 0.33
    TS      = 1
    Raw     = 0
    LSS     = 0
    Phot    = 1
    Apt     = 1.25
    Ann     = 3.0
    Fd      = center
    Loc     = 0
    Trm     = 0
    M10     = 0
Processing /not_backed_up/oj287/isabel/RDP2/40963_oj287_jul_30_1230_phot.txt.fits
/not_backed_up/oj287/isabel/RDP2/40963_oj287_jul_30_1230_phot.txt.fits failed to process and is not finished
---------------
Processing /not_backed_up/oj287/isabel/RDP2/40965_oj287_jul_30_1330_phot.txt.fits
/not_backed_up/oj287/isabel/RDP2/40965_oj287_jul_30_1330_phot.txt.fits failed to process and is not finished
---------------
Thu Dec  3 00:48:43 EST 2020
Working directory: /not_backed_up/oj287/isabel/RDP2
Parameters:
    Coord   = equatorial
    Channel = left
    Cali    = interpolated
    Bg      = 6.0
    RFT     = 0.35
    Wgt     = 0.33
    TS      = 1
    Raw     = 0
    LSS     = 0
    Phot    = 1
    Apt     = 1.25
    Ann     = 3.0
    Fd      = center
    Loc     = 0
    Trm     = 0
    M10     = 0
Processing /not_backed_up/oj287/isabel/RDP2/40963_oj287_jul_30_1230_phot.txt.fits
/not_backed_up/oj287/isabel/RDP2/40963_oj287_jul_30_1230_phot.txt.fits failed to process and is not finished
---------------
Processing /not_backed_up/oj287/isabel/RDP2/40965_oj287_jul_30_1330_phot.txt.fits
/not_backed_up/oj287/isabel/RDP2/40965_oj287_jul_30_1330_phot.txt.fits failed to process and is not finished
---------------
Thu Dec  3 00:55:55 EST 2020
Working directory: /not_backed_up/oj287/isabel/RDP2
Parameters:
    Coord   = equatorial
    Channel = left
    Cali    = interpolated
    Bg      = 6.0
    RFT     = 0.35
    Wgt     = 0.33
    TS      = 1
    Raw     = 0
    LSS     = 0
    Phot    = 1
    Apt     = 1.25
    Ann     = 3.0
    Fd      = center
    Loc     = 0
    Trm     = 0
    M10     = 0
Processing /not_backed_up/oj287/isabel/RDP2/40963_oj287_jul_30_1230_phot.txt.fits
/not_backed_up/oj287/isabel/RDP2/40963_oj287_jul_30_1230_phot.txt.fits failed to process and is not finished
---------------
Processing /not_backed_up/oj287/isabel/RDP2/40965_oj287_jul_30_1330_phot.txt.fits
/not_backed_up/oj287/isabel/RDP2/40965_oj287_jul_30_1330_phot.txt.fits failed to process and is not finished
---------------
Thu Dec  3 01:08:19 EST 2020
Working directory: /not_backed_up/oj287/isabel/RDP2
Parameters:
    Coord   = equatorial
    Channel = left
    Cali    = interpolated
    Bg      = 6.0
    RFT     = 0.35
    Wgt     = 0.33
    TS      = 1
    Raw     = 0
    LSS     = 0
    Phot    = 1
    Apt     = 1.25
    Ann     = 3.0
    Fd      = center
    Loc     = 0
    Trm     = 0
    M10     = 0
Processing /not_backed_up/oj287/isabel/RDP2/40963_oj287_jul_30_1230_phot.txt.fits
/not_backed_up/oj287/isabel/RDP2/40963_oj287_jul_30_1230_phot.txt.fits failed to process and is not finished
---------------
Processing /not_backed_up/oj287/isabel/RDP2/40965_oj287_jul_30_1330_phot.txt.fits
/not_backed_up/oj287/isabel/RDP2/40965_oj287_jul_30_1330_phot.txt.fits failed to process and is not finished
---------------
Thu Dec  3 10:52:35 EST 2020
Working directory: /not_backed_up/oj287/isabel/RDP2
Parameters:
    Coord   = equatorial
    Channel = left
    Cali    = interpolated
    Bg      = 6.0
    RFT     = 0.35
    Wgt     = 0.33
    TS      = 1
    Raw     = 0
    LSS     = 0
    Phot    = 1
    Apt     = 1.25
    Ann     = 3.0
    Fd      = center
    Loc     = 0
    Trm     = 0
    M10     = 0
Processing /not_backed_up/oj287/isabel/RDP2/40963_oj287_jul_30_1230_phot.txt.fits
/not_backed_up/oj287/isabel/RDP2/40963_oj287_jul_30_1230_phot.txt.fits failed to process and is not finished
---------------
Processing /not_backed_up/oj287/isabel/RDP2/40965_oj287_jul_30_1330_phot.txt.fits
/not_backed_up/oj287/isabel/RDP2/40965_oj287_jul_30_1330_phot.txt.fits failed to process and is not finished
---------------
Fri Dec  4 11:01:23 EST 2020
Working directory: /not_backed_up/oj287/isabel/RDP2
Parameters:
    Coord   = equatorial
    Channel = left
    Cali    = interpolated
    Bg      = 6.0
    RFT     = 0.35
    Wgt     = 0.33
    TS      = 1
    Raw     = 0
    LSS     = 0
    Phot    = 1
    Apt     = 1.25
    Ann     = 3.0
    Fd      = center
    Loc     = 0
    Trm     = 0
    M10     = 0
Processing /not_backed_up/oj287/isabel/RDP2/40963_oj287_jul_30_1230_phot.txt.fits
/not_backed_up/oj287/isabel/RDP2/40963_oj287_jul_30_1230_phot.txt.fits failed to process and is not finished
---------------
Processing /not_backed_up/oj287/isabel/RDP2/40965_oj287_jul_30_1330_phot.txt.fits
/not_backed_up/oj287/isabel/RDP2/40965_oj287_jul_30_1330_phot.txt.fits failed to process and is not finished
---------------
Sat Dec  5 11:14:54 EST 2020
Working directory: /not_backed_up/oj287/isabel/RDP2
Parameters:
    Coord   = equatorial
    Channel = left
    Cali    = interpolated
    Bg      = 6.0
    RFT     = 0.35
    Wgt     = 0.33
    TS      = 1
    Raw     = 0
    LSS     = 0
    Phot    = 1
    Apt     = 1.25
    Ann     = 3.0
    Fd      = center
    Loc     = 0
    Trm     = 0
    M10     = 0
Processing /not_backed_up/oj287/isabel/RDP2/40963_oj287_jul_30_1230.fits
/not_backed_up/oj287/isabel/RDP2/40963_oj287_jul_30_1230.fits failed to process and is not finished
---------------
Processing /not_backed_up/oj287/isabel/RDP2/40965_oj287_jul_30_1330.fits
/not_backed_up/oj287/isabel/RDP2/40965_oj287_jul_30_1330.fits failed to process and is not finished
---------------
Sat Dec  5 11:15:39 EST 2020
Working directory: /not_backed_up/oj287/isabel/RDP2
Parameters:
    Coord   = equatorial
    Channel = left
    Cali    = interpolated
    Bg      = 6.0
    RFT     = 0.35
    Wgt     = 0.33
    TS      = 1
    Raw     = 0
    LSS     = 0
    Phot    = 1
    Apt     = 1.25
    Ann     = 3.0
    Fd      = center
    Loc     = 0
    Trm     = 0
    M10     = 0
Processing /not_backed_up/oj287/isabel/RDP2/40963_oj287_jul_30_1230.fits
/not_backed_up/oj287/isabel/RDP2/40963_oj287_jul_30_1230.fits failed to process and is not finished
---------------
Processing /not_backed_up/oj287/isabel/RDP2/40965_oj287_jul_30_1330.fits
/not_backed_up/oj287/isabel/RDP2/40965_oj287_jul_30_1330.fits failed to process and is not finished
---------------
Sat Dec  5 11:23:17 EST 2020
Working directory: /not_backed_up/oj287/isabel/RDP2
Parameters:
    Coord   = equatorial
    Channel = left
    Cali    = interpolated
    Bg      = 6.0
    RFT     = 0.35
    Wgt     = 0.33
    TS      = 1
    Raw     = 0
    LSS     = 0
    Phot    = 1
    Apt     = 1.25
    Ann     = 3.0
    Fd      = center
    Loc     = 0
    Trm     = 0
    M10     = 0
Processing /not_backed_up/oj287/isabel/RDP2/40963_oj287_jul_30_1230.fits
/not_backed_up/oj287/isabel/RDP2/40963_oj287_jul_30_1230.fits failed to process and is not finished
---------------
Processing /not_backed_up/oj287/isabel/RDP2/40965_oj287_jul_30_1330.fits
/not_backed_up/oj287/isabel/RDP2/40965_oj287_jul_30_1330.fits failed to process and is not finished
---------------
Sat Dec  5 11:23:51 EST 2020
Working directory: /not_backed_up/oj287/isabel/RDP2
Parameters:
    Coord   = equatorial
    Channel = left
    Cali    = interpolated
    Bg      = 6.0
    RFT     = 0.35
    Wgt     = 0.33
    TS      = 1
    Raw     = 0
    LSS     = 0
    Phot    = 1
    Apt     = 1.25
    Ann     = 3.0
    Fd      = center
    Loc     = 0
    Trm     = 0
    M10     = 0
Processing /not_backed_up/oj287/isabel/RDP2/40963_oj287_jul_30_1230.fits
/not_backed_up/oj287/isabel/RDP2/40963_oj287_jul_30_1230.fits failed to process and is not finished
---------------
Processing /not_backed_up/oj287/isabel/RDP2/40965_oj287_jul_30_1330.fits
/not_backed_up/oj287/isabel/RDP2/40965_oj287_jul_30_1330.fits failed to process and is not finished
---------------
Sat Dec  5 11:24:06 EST 2020
Working directory: /not_backed_up/oj287/isabel/RDP2
Parameters:
    Coord   = equatorial
    Channel = left
    Cali    = interpolated
    Bg      = 6.0
    RFT     = 0.35
    Wgt     = 0.33
    TS      = 1
    Raw     = 0
    LSS     = 0
    Phot    = 1
    Apt     = 1.25
    Ann     = 3.0
    Fd      = center
    Loc     = 0
    Trm     = 0
    M10     = 0
Processing /not_backed_up/oj287/isabel/RDP2/40963_oj287_jul_30_1230.fits
/not_backed_up/oj287/isabel/RDP2/40963_oj287_jul_30_1230.fits failed to process and is not finished
---------------
Processing /not_backed_up/oj287/isabel/RDP2/40965_oj287_jul_30_1330.fits
/not_backed_up/oj287/isabel/RDP2/40965_oj287_jul_30_1330.fits failed to process and is not finished
---------------
Sat Dec  5 11:25:04 EST 2020
Working directory: /not_backed_up/oj287/isabel/RDP2
Parameters:
    Coord   = equatorial
    Channel = left
    Cali    = interpolated
    Bg      = 6.0
    RFT     = 0.35
    Wgt     = 0.33
    TS      = 1
    Raw     = 0
    LSS     = 0
    Phot    = 1
    Apt     = 1.25
    Ann     = 3.0
    Fd      = center
    Loc     = 0
    Trm     = 0
    M10     = 0
Processing /not_backed_up/oj287/isabel/RDP2/40963_oj287_jul_30_1230.fits
Sat Dec  5 11:25:18 EST 2020
Working directory: /not_backed_up/oj287/isabel/RDP2
Parameters:
    Coord   = equatorial
    Channel = left
    Cali    = interpolated
    Bg      = 6.0
    RFT     = 0.35
    Wgt     = 0.33
    TS      = 1
    Raw     = 0
    LSS     = 0
    Phot    = 1
    Apt     = 1.25
    Ann     = 3.0
    Fd      = center
    Loc     = 0
    Trm     = 0
    M10     = 0
Processing /not_backed_up/oj287/isabel/RDP2/40963_oj287_jul_30_1230.fits
/not_backed_up/oj287/isabel/RDP2/40963_oj287_jul_30_1230.fits failed to process and is not finished
---------------
Processing /not_backed_up/oj287/isabel/RDP2/40965_oj287_jul_30_1330.fits
/not_backed_up/oj287/isabel/RDP2/40965_oj287_jul_30_1330.fits failed to process and is not finished
---------------
Sat Dec  5 11:41:18 EST 2020
Working directory: /not_backed_up/oj287/isabel/RDP2
Parameters:
    Coord   = equatorial
    Channel = left
    Cali    = interpolated
    Bg      = 6.0
    RFT     = 0.35
    Wgt     = 0.33
    TS      = 1
    Raw     = 0
    LSS     = 0
    Phot    = 1
    Apt     = 1.25
    Ann     = 3.0
    Fd      = center
    Loc     = 0
    Trm     = 0
    M10     = 0
Processing /not_backed_up/oj287/isabel/RDP2/40963_oj287_jul_30_1230.fits
/not_backed_up/oj287/isabel/RDP2/40963_oj287_jul_30_1230.fits failed to process and is not finished
---------------
Processing /not_backed_up/oj287/isabel/RDP2/40965_oj287_jul_30_1330.fits
/not_backed_up/oj287/isabel/RDP2/40965_oj287_jul_30_1330.fits failed to process and is not finished
---------------
Sat Dec  5 11:58:23 EST 2020
Working directory: /not_backed_up/oj287/isabel/RDP2
Parameters:
    Coord   = equatorial
    Channel = left
    Cali    = interpolated
    Bg      = 6.0
    RFT     = 0.35
    Wgt     = 0.33
    TS      = 1
    Raw     = 0
    LSS     = 0
    Phot    = 1
    Apt     = 1.25
    Ann     = 3.0
    Fd      = center
    Loc     = 0
    Trm     = 0
    M10     = 0
Processing /not_backed_up/oj287/isabel/RDP2/40963_oj287_jul_30_1230.fits
/not_backed_up/oj287/isabel/RDP2/40963_oj287_jul_30_1230.fits failed to process and is not finished
---------------
Processing /not_backed_up/oj287/isabel/RDP2/40965_oj287_jul_30_1330.fits
/not_backed_up/oj287/isabel/RDP2/40965_oj287_jul_30_1330.fits failed to process and is not finished
---------------
Sat Dec  5 12:03:11 EST 2020
Working directory: /not_backed_up/oj287/isabel/RDP2
Parameters:
    Coord   = equatorial
    Channel = left
    Cali    = interpolated
    Bg      = 6.0
    RFT     = 0.35
    Wgt     = 0.33
    TS      = 1
    Raw     = 0
    LSS     = 0
    Phot    = 1
    Apt     = 1.25
    Ann     = 3.0
    Fd      = center
    Loc     = 0
    Trm     = 0
    M10     = 0
Processing /not_backed_up/oj287/isabel/RDP2/40963_oj287_jul_30_1230.fits
Copying to /not_backed_up/oj287/isabel/RDP2/40963_oj287_jul_30_1230_phot
/not_backed_up/oj287/isabel/RDP2/40963_oj287_jul_30_1230.fits has been processed successfully
---------------
Processing /not_backed_up/oj287/isabel/RDP2/40965_oj287_jul_30_1330.fits
Copying to /not_backed_up/oj287/isabel/RDP2/40965_oj287_jul_30_1330_phot
/not_backed_up/oj287/isabel/RDP2/40965_oj287_jul_30_1330.fits has been processed successfully
---------------
Sun Dec  6 13:22:46 EST 2020
Working directory: /not_backed_up/oj287/isabel/RDP2
Parameters:
    Coord   = equatorial
    Channel = left
    Cali    = interpolated
    Bg      = 6.0
    RFT     = 0.35
    Wgt     = 0.33
    TS      = 1
    Raw     = 0
    LSS     = 0
    Phot    = 1
    Apt     = 1.25
    Ann     = 3.0
    Fd      = center
    Loc     = 0
    Trm     = 0
    M10     = 0
Processing /not_backed_up/oj287/isabel/RDP2/40963_oj287_jul_30_1230.fits
/not_backed_up/oj287/isabel/RDP2/40963_oj287_jul_30_1230.fits failed to process and is not finished
---------------
Processing /not_backed_up/oj287/isabel/RDP2/40965_oj287_jul_30_1330.fits
/not_backed_up/oj287/isabel/RDP2/40965_oj287_jul_30_1330.fits failed to process and is not finished
---------------
Sun Dec  6 13:24:55 EST 2020
Working directory: /not_backed_up/oj287/isabel/RDP2
Parameters:
    Coord   = equatorial
    Channel = left
    Cali    = interpolated
    Bg      = 6.0
    RFT     = 0.35
    Wgt     = 0.33
    TS      = 1
    Raw     = 0
    LSS     = 0
    Phot    = 1
    Apt     = 1.25
    Ann     = 3.0
    Fd      = center
    Loc     = 0
    Trm     = 0
    M10     = 0
Processing /not_backed_up/oj287/isabel/RDP2/40963_oj287_jul_30_1230.fits
/not_backed_up/oj287/isabel/RDP2/40963_oj287_jul_30_1230.fits failed to process and is not finished
---------------
Processing /not_backed_up/oj287/isabel/RDP2/40965_oj287_jul_30_1330.fits
/not_backed_up/oj287/isabel/RDP2/40965_oj287_jul_30_1330.fits failed to process and is not finished
---------------
Mon Dec  7 13:36:47 EST 2020
Working directory: /not_backed_up/oj287/isabel/RDP2
Parameters:
    Coord   = equatorial
    Channel = left
    Cali    = interpolated
    Bg      = 6.0
    RFT     = 0.35
    Wgt     = 0.33
    TS      = 1
    Raw     = 0
    LSS     = 0
    Phot    = 0
    Apt     = 1.25
    Ann     = 3.0
    Fd      = center
    Loc     = 0
    Trm     = 0
    M10     = 0
Processing /not_backed_up/oj287/isabel/RDP2/40963_oj287_jul_30_1230.fits
/not_backed_up/oj287/isabel/RDP2/40963_oj287_jul_30_1230.fits failed to process and is not finished
---------------
Processing /not_backed_up/oj287/isabel/RDP2/40965_oj287_jul_30_1330.fits
/not_backed_up/oj287/isabel/RDP2/40965_oj287_jul_30_1330.fits failed to process and is not finished
---------------
Mon Dec  7 13:44:47 EST 2020
Working directory: /not_backed_up/oj287/isabel/RDP2
Parameters:
    Coord   = equatorial
    Channel = right
    Cali    = interpolated
    Bg      = 6.0
    RFT     = 0.35
    Wgt     = 0.33
    TS      = 1
    Raw     = 0
    LSS     = 0
    Phot    = 0
    Apt     = 1.25
    Ann     = 3.0
    Fd      = center
    Loc     = 0
    Trm     = 0
    M10     = 0
Processing /not_backed_up/oj287/isabel/RDP2/40963_oj287_jul_30_1230.fits
/not_backed_up/oj287/isabel/RDP2/40963_oj287_jul_30_1230.fits failed to process and is not finished
---------------
Processing /not_backed_up/oj287/isabel/RDP2/40965_oj287_jul_30_1330.fits
/not_backed_up/oj287/isabel/RDP2/40965_oj287_jul_30_1330.fits failed to process and is not finished
---------------
Mon Dec  7 13:54:36 EST 2020
Working directory: /not_backed_up/oj287/isabel/RDP2
Parameters:
    Coord   = equatorial
    Channel = right
    Cali    = interpolated
    Bg      = 6.0
    RFT     = 0.35
    Wgt     = 0.33
    TS      = 1
    Raw     = 0
    LSS     = 0
    Phot    = 0
    Apt     = 1.25
    Ann     = 3.0
    Fd      = center
    Loc     = 0
    Trm     = 0
    M10     = 0
Processing /not_backed_up/oj287/isabel/RDP2/40963_oj287_jul_30_1230.fits
Copying to /not_backed_up/oj287/isabel/RDP2/40963_oj287_jul_30_1230_phot
/not_backed_up/oj287/isabel/RDP2/40963_oj287_jul_30_1230.fits has been processed successfully
---------------
Processing /not_backed_up/oj287/isabel/RDP2/40965_oj287_jul_30_1330.fits
Copying to /not_backed_up/oj287/isabel/RDP2/40965_oj287_jul_30_1330_phot
/not_backed_up/oj287/isabel/RDP2/40965_oj287_jul_30_1330.fits has been processed successfully
---------------
Wed Dec  9 12:20:32 EST 2020
Working directory: /not_backed_up/oj287/isabel/RDP2
Parameters:
    Coord   = equatorial
    Channel = left
    Cali    = interpolated
    Bg      = 6.0
    RFT     = 0.35
    Wgt     = 0.33
    TS      = 1
    Raw     = 0
    LSS     = 0
    Phot    = 0
    Apt     = 1.25
    Ann     = 3.0
    Fd      = center
    Loc     = 0
    Trm     = 0
    M10     = 0
Processing /not_backed_up/oj287/isabel/RDP2/40963_oj287_jul_30_1230.fits
Copying to /not_backed_up/oj287/isabel/RDP2/40963_oj287_jul_30_1230_phot
/not_backed_up/oj287/isabel/RDP2/40963_oj287_jul_30_1230.fits has been processed successfully
---------------
Processing /not_backed_up/oj287/isabel/RDP2/40965_oj287_jul_30_1330.fits
Copying to /not_backed_up/oj287/isabel/RDP2/40965_oj287_jul_30_1330_phot
/not_backed_up/oj287/isabel/RDP2/40965_oj287_jul_30_1330.fits has been processed successfully
---------------
Wed Dec  9 12:31:28 EST 2020
Working directory: /not_backed_up/oj287/isabel/RDP2
Parameters:
    Coord   = equatorial
    Channel = left
    Cali    = interpolated
    Bg      = 6.0
    RFT     = 0.35
    Wgt     = 0.33
    TS      = 1
    Raw     = 0
    LSS     = 0
    Phot    = 0
    Apt     = 1.25
    Ann     = 3.0
    Fd      = center
    Loc     = 0
    Trm     = 0
    M10     = 0
Processing /not_backed_up/oj287/isabel/RDP2/40963_oj287_jul_30_1230.fits
Copying to /not_backed_up/oj287/isabel/RDP2/40963_oj287_jul_30_1230_phot
/not_backed_up/oj287/isabel/RDP2/40963_oj287_jul_30_1230.fits has been processed successfully
---------------
Processing /not_backed_up/oj287/isabel/RDP2/40965_oj287_jul_30_1330.fits
Copying to /not_backed_up/oj287/isabel/RDP2/40965_oj287_jul_30_1330_phot
/not_backed_up/oj287/isabel/RDP2/40965_oj287_jul_30_1330.fits has been processed successfully
---------------
Thu Dec 17 01:07:03 EST 2020
Working directory: /not_backed_up/oj287/isabel/RDP2
Parameters:
    Coord   = equatorial
    Channel = left
    Cali    = interpolated
    Bg      = 6.0
    RFT     = 0.35
    Wgt     = 0.33
    TS      = 0
    Raw     = 1
    LSS     = 0
    Phot    = 1
    Apt     = 1.25
    Ann     = 3.0
    Fd      = center
    Loc     = 0
    Trm     = 0
    M10     = 0
Processing /not_backed_up/oj287/isabel/RDP2/40963_oj287_jul_30_1230.fits
Copying to /not_backed_up/oj287/isabel/RDP2/40963_oj287_jul_30_1230_phot
/not_backed_up/oj287/isabel/RDP2/40963_oj287_jul_30_1230.fits has been processed successfully
---------------
Processing /not_backed_up/oj287/isabel/RDP2/40965_oj287_jul_30_1330.fits
Copying to /not_backed_up/oj287/isabel/RDP2/40965_oj287_jul_30_1330_phot
/not_backed_up/oj287/isabel/RDP2/40965_oj287_jul_30_1330.fits has been processed successfully
---------------
Thu Dec 17 01:23:10 EST 2020
Working directory: /not_backed_up/oj287/isabel/RDP2
Parameters:
    Coord   = equatorial
    Channel = left
    Cali    = interpolated
    Bg      = 6.0
    RFT     = 0.35
    Wgt     = 0.33
    TS      = 0
    Raw     = 1
    LSS     = 0
    Phot    = 1
    Apt     = 1.25
    Ann     = 3.0
    Fd      = center
    Loc     = 0
    Trm     = 0
    M10     = 0
Processing /not_backed_up/oj287/isabel/RDP2/40963_oj287_jul_30_1230.fits
Copying to /not_backed_up/oj287/isabel/RDP2/40963_oj287_jul_30_1230_phot
/not_backed_up/oj287/isabel/RDP2/40963_oj287_jul_30_1230.fits has been processed successfully
---------------
Processing /not_backed_up/oj287/isabel/RDP2/40965_oj287_jul_30_1330.fits
Copying to /not_backed_up/oj287/isabel/RDP2/40965_oj287_jul_30_1330_phot
/not_backed_up/oj287/isabel/RDP2/40965_oj287_jul_30_1330.fits has been processed successfully
---------------
Processing /not_backed_up/oj287/isabel/RDP2/40966_oj287_jul_30_1430.fits
Copying to /not_backed_up/oj287/isabel/RDP2/40966_oj287_jul_30_1430_phot
/not_backed_up/oj287/isabel/RDP2/40966_oj287_jul_30_1430.fits has been processed successfully
---------------
Thu Dec 17 02:03:21 EST 2020
Working directory: /not_backed_up/oj287/isabel/RDP2
Parameters:
    Coord   = equatorial
    Channel = left
    Cali    = interpolated
    Bg      = 6.0
    RFT     = 0.35
    Wgt     = 0.33
    TS      = 0
    Raw     = 1
    LSS     = 0
    Phot    = 1
    Apt     = 1.25
    Ann     = 3.0
    Fd      = center
    Loc     = 0
    Trm     = 0
    M10     = 0
Processing /not_backed_up/oj287/isabel/RDP2/40963_oj287_jul_30_1230.fits
Copying to /not_backed_up/oj287/isabel/RDP2/40963_oj287_jul_30_1230_phot
/not_backed_up/oj287/isabel/RDP2/40963_oj287_jul_30_1230.fits has been processed successfully
---------------
Processing /not_backed_up/oj287/isabel/RDP2/40965_oj287_jul_30_1330.fits
Copying to /not_backed_up/oj287/isabel/RDP2/40965_oj287_jul_30_1330_phot
/not_backed_up/oj287/isabel/RDP2/40965_oj287_jul_30_1330.fits has been processed successfully
---------------
Processing /not_backed_up/oj287/isabel/RDP2/40966_oj287_jul_30_1430.fits
Copying to /not_backed_up/oj287/isabel/RDP2/40966_oj287_jul_30_1430_phot
/not_backed_up/oj287/isabel/RDP2/40966_oj287_jul_30_1430.fits has been processed successfully
---------------
Processing /not_backed_up/oj287/isabel/RDP2/40967_oj287_jul_30_1530.fits
Copying to /not_backed_up/oj287/isabel/RDP2/40967_oj287_jul_30_1530_phot
/not_backed_up/oj287/isabel/RDP2/40967_oj287_jul_30_1530.fits has been processed successfully
---------------
Fri Dec 18 11:18:14 EST 2020
Working directory: /not_backed_up/oj287/isabel/RDP2
Parameters:
    Coord   = equatorial
    Channel = left
    Cali    = interpolated
    Bg      = 6.0
    RFT     = 0.35
    Wgt     = 0.33
    TS      = 0
    Raw     = 1
    LSS     = 0
    Phot    = 1
    Apt     = 1.25
    Ann     = 3.0
    Fd      = center
    Loc     = 0
    Trm     = 0
    M10     = 0
Processing /not_backed_up/oj287/isabel/RDP2/40963_oj287_jul_30_1230.fits
/not_backed_up/oj287/isabel/RDP2/40963_oj287_jul_30_1230.fits failed to process and is not finished
---------------
Processing /not_backed_up/oj287/isabel/RDP2/40965_oj287_jul_30_1330.fits
/not_backed_up/oj287/isabel/RDP2/40965_oj287_jul_30_1330.fits failed to process and is not finished
---------------
Processing /not_backed_up/oj287/isabel/RDP2/40966_oj287_jul_30_1430.fits
/not_backed_up/oj287/isabel/RDP2/40966_oj287_jul_30_1430.fits failed to process and is not finished
---------------
Processing /not_backed_up/oj287/isabel/RDP2/40967_oj287_jul_30_1530.fits
/not_backed_up/oj287/isabel/RDP2/40967_oj287_jul_30_1530.fits failed to process and is not finished
---------------
Fri Dec 18 11:19:18 EST 2020
Working directory: /not_backed_up/oj287/isabel/RDP2
Parameters:
    Coord   = equatorial
    Channel = left
    Cali    = interpolated
    Bg      = 6.0
    RFT     = 0.35
    Wgt     = 0.33
    TS      = 0
    Raw     = 1
    LSS     = 0
    Phot    = 1
    Apt     = 1.25
    Ann     = 3.0
    Fd      = center
    Loc     = 0
    Trm     = 0
    M10     = 0
Processing /not_backed_up/oj287/isabel/RDP2/40963_oj287_jul_30_1230.fits
/not_backed_up/oj287/isabel/RDP2/40963_oj287_jul_30_1230.fits failed to process and is not finished
---------------
Processing /not_backed_up/oj287/isabel/RDP2/40965_oj287_jul_30_1330.fits
/not_backed_up/oj287/isabel/RDP2/40965_oj287_jul_30_1330.fits failed to process and is not finished
---------------
Processing /not_backed_up/oj287/isabel/RDP2/40966_oj287_jul_30_1430.fits
/not_backed_up/oj287/isabel/RDP2/40966_oj287_jul_30_1430.fits failed to process and is not finished
---------------
Processing /not_backed_up/oj287/isabel/RDP2/40967_oj287_jul_30_1530.fits
/not_backed_up/oj287/isabel/RDP2/40967_oj287_jul_30_1530.fits failed to process and is not finished
---------------
Fri Dec 18 11:20:42 EST 2020
Working directory: /not_backed_up/oj287/isabel/RDP2
Parameters:
    Coord   = equatorial
    Channel = left
    Cali    = interpolated
    Bg      = 6.0
    RFT     = 0.35
    Wgt     = 0.33
    TS      = 0
    Raw     = 1
    LSS     = 0
    Phot    = 1
    Apt     = 1.25
    Ann     = 3.0
    Fd      = center
    Loc     = 0
    Trm     = 0
    M10     = 0
Processing /not_backed_up/oj287/isabel/RDP2/40963_oj287_jul_30_1230.fits
/not_backed_up/oj287/isabel/RDP2/40963_oj287_jul_30_1230.fits failed to process and is not finished
---------------
Processing /not_backed_up/oj287/isabel/RDP2/40965_oj287_jul_30_1330.fits
/not_backed_up/oj287/isabel/RDP2/40965_oj287_jul_30_1330.fits failed to process and is not finished
---------------
Processing /not_backed_up/oj287/isabel/RDP2/40966_oj287_jul_30_1430.fits
/not_backed_up/oj287/isabel/RDP2/40966_oj287_jul_30_1430.fits failed to process and is not finished
---------------
Processing /not_backed_up/oj287/isabel/RDP2/40967_oj287_jul_30_1530.fits
/not_backed_up/oj287/isabel/RDP2/40967_oj287_jul_30_1530.fits failed to process and is not finished
---------------
Fri Dec 18 11:21:21 EST 2020
Working directory: /not_backed_up/oj287/isabel/RDP2
Parameters:
    Coord   = equatorial
    Channel = left
    Cali    = interpolated
    Bg      = 6.0
    RFT     = 0.35
    Wgt     = 0.33
    TS      = 0
    Raw     = 1
    LSS     = 0
    Phot    = 1
    Apt     = 1.25
    Ann     = 3.0
    Fd      = center
    Loc     = 0
    Trm     = 0
    M10     = 0
Processing /not_backed_up/oj287/isabel/RDP2/40963_oj287_jul_30_1230.fits
/not_backed_up/oj287/isabel/RDP2/40963_oj287_jul_30_1230.fits failed to process and is not finished
---------------
Processing /not_backed_up/oj287/isabel/RDP2/40965_oj287_jul_30_1330.fits
/not_backed_up/oj287/isabel/RDP2/40965_oj287_jul_30_1330.fits failed to process and is not finished
---------------
Fri Dec 18 11:24:35 EST 2020
Working directory: /not_backed_up/oj287/isabel/RDP2
Parameters:
    Coord   = equatorial
    Channel = left
    Cali    = interpolated
    Bg      = 6.0
    RFT     = 0.35
    Wgt     = 0.33
    TS      = 0
    Raw     = 1
    LSS     = 0
    Phot    = 1
    Apt     = 1.25
    Ann     = 3.0
    Fd      = center
    Loc     = 0
    Trm     = 0
    M10     = 0
Processing /not_backed_up/oj287/isabel/RDP2/40963_oj287_jul_30_1230.fits
Fri Dec 18 11:28:47 EST 2020
Working directory: /not_backed_up/oj287/isabel/RDP2
Parameters:
    Coord   = equatorial
    Channel = left
    Cali    = interpolated
    Bg      = 6.0
    RFT     = 0.35
    Wgt     = 0.33
    TS      = 0
    Raw     = 1
    LSS     = 0
    Phot    = 1
    Apt     = 1.25
    Ann     = 3.0
    Fd      = center
    Loc     = 0
    Trm     = 0
    M10     = 0
Processing /not_backed_up/oj287/isabel/RDP2/40963_oj287_jul_30_1230.fits
/not_backed_up/oj287/isabel/RDP2/40963_oj287_jul_30_1230.fits failed to process and is not finished
---------------
Processing /not_backed_up/oj287/isabel/RDP2/40965_oj287_jul_30_1330.fits
/not_backed_up/oj287/isabel/RDP2/40965_oj287_jul_30_1330.fits failed to process and is not finished
---------------
Processing /not_backed_up/oj287/isabel/RDP2/40966_oj287_jul_30_1430.fits
/not_backed_up/oj287/isabel/RDP2/40966_oj287_jul_30_1430.fits failed to process and is not finished
---------------
Processing /not_backed_up/oj287/isabel/RDP2/40967_oj287_jul_30_1530.fits
/not_backed_up/oj287/isabel/RDP2/40967_oj287_jul_30_1530.fits failed to process and is not finished
---------------
Fri Dec 18 11:31:44 EST 2020
Working directory: /not_backed_up/oj287/isabel/RDP2
Parameters:
    Coord   = equatorial
    Channel = left
    Cali    = interpolated
    Bg      = 6.0
    RFT     = 0.35
    Wgt     = 0.33
    TS      = 0
    Raw     = 1
    LSS     = 0
    Phot    = 1
    Apt     = 1.25
    Ann     = 3.0
    Fd      = center
    Loc     = 0
    Trm     = 0
    M10     = 0
Processing /not_backed_up/oj287/isabel/RDP2/40963_oj287_jul_30_1230.fits
/not_backed_up/oj287/isabel/RDP2/40963_oj287_jul_30_1230.fits failed to process and is not finished
---------------
Processing /not_backed_up/oj287/isabel/RDP2/40965_oj287_jul_30_1330.fits
/not_backed_up/oj287/isabel/RDP2/40965_oj287_jul_30_1330.fits failed to process and is not finished
---------------
Processing /not_backed_up/oj287/isabel/RDP2/40966_oj287_jul_30_1430.fits
/not_backed_up/oj287/isabel/RDP2/40966_oj287_jul_30_1430.fits failed to process and is not finished
---------------
Processing /not_backed_up/oj287/isabel/RDP2/40967_oj287_jul_30_1530.fits
/not_backed_up/oj287/isabel/RDP2/40967_oj287_jul_30_1530.fits failed to process and is not finished
---------------
Fri Dec 18 11:34:20 EST 2020
Working directory: /not_backed_up/oj287/isabel/RDP2
Parameters:
    Coord   = equatorial
    Channel = left
    Cali    = interpolated
    Bg      = 6.0
    RFT     = 0.35
    Wgt     = 0.33
    TS      = 0
    Raw     = 1
    LSS     = 0
    Phot    = 1
    Apt     = 1.25
    Ann     = 3.0
    Fd      = center
    Loc     = 0
    Trm     = 0
    M10     = 0
Processing /not_backed_up/oj287/isabel/RDP2/40963_oj287_jul_30_1230.fits
Fri Dec 18 11:35:26 EST 2020
Working directory: /not_backed_up/oj287/isabel/RDP2
Parameters:
    Coord   = equatorial
    Channel = left
    Cali    = interpolated
    Bg      = 6.0
    RFT     = 0.35
    Wgt     = 0.33
    TS      = 0
    Raw     = 1
    LSS     = 0
    Phot    = 1
    Apt     = 1.25
    Ann     = 3.0
    Fd      = center
    Loc     = 0
    Trm     = 0
    M10     = 0
Processing /not_backed_up/oj287/isabel/RDP2/40963_oj287_jul_30_1230.fits
Copying to /not_backed_up/oj287/isabel/RDP2/40963_oj287_jul_30_1230_phot
/not_backed_up/oj287/isabel/RDP2/40963_oj287_jul_30_1230.fits has been processed successfully
---------------
Processing /not_backed_up/oj287/isabel/RDP2/40965_oj287_jul_30_1330.fits
Copying to /not_backed_up/oj287/isabel/RDP2/40965_oj287_jul_30_1330_phot
/not_backed_up/oj287/isabel/RDP2/40965_oj287_jul_30_1330.fits has been processed successfully
---------------
Processing /not_backed_up/oj287/isabel/RDP2/40966_oj287_jul_30_1430.fits
Fri Dec 18 12:09:14 EST 2020
Working directory: /not_backed_up/oj287/isabel/RDP2
Parameters:
    Coord   = equatorial
    Channel = left
    Cali    = interpolated
    Bg      = 6.0
    RFT     = 0.35
    Wgt     = 0.33
    TS      = 0
    Raw     = 1
    LSS     = 0
    Phot    = 1
    Apt     = 1.25
    Ann     = 3.0
    Fd      = center
    Loc     = 0
    Trm     = 0
    M10     = 0
Processing 
 failed to process and is not finished
---------------
Fri Dec 18 12:11:25 EST 2020
Working directory: /not_backed_up/oj287/isabel/RDP2
Parameters:
    Coord   = equatorial
    Channel = left
    Cali    = interpolated
    Bg      = 6.0
    RFT     = 0.35
    Wgt     = 0.33
    TS      = 0
    Raw     = 1
    LSS     = 0
    Phot    = 1
    Apt     = 1.25
    Ann     = 3.0
    Fd      = center
    Loc     = 0
    Trm     = 0
    M10     = 0
    FILES       = *.fits
Processing 
 failed to process and is not finished
---------------
Fri Dec 18 12:11:56 EST 2020
Working directory: /not_backed_up/oj287/isabel/RDP2
Parameters:
    Coord   = equatorial
    Channel = left
    Cali    = interpolated
    Bg      = 6.0
    RFT     = 0.35
    Wgt     = 0.33
    TS      = 0
    Raw     = 1
    LSS     = 0
    Phot    = 1
    Apt     = 1.25
    Ann     = 3.0
    Fd      = center
    Loc     = 0
    Trm     = 0
    M10     = 0
    FILES   = *.fits
Processing 
 failed to process and is not finished
---------------
Fri Dec 18 12:12:28 EST 2020
Working directory: /not_backed_up/oj287/isabel/RDP2
Parameters:
    Coord   = equatorial
    Channel = left
    Cali    = interpolated
    Bg      = 6.0
    RFT     = 0.35
    Wgt     = 0.33
    TS      = 0
    Raw     = 1
    LSS     = 0
    Phot    = 1
    Apt     = 1.25
    Ann     = 3.0
    Fd      = center
    Loc     = 0
    Trm     = 0
    M10     = 0
    FILES   = /not_backed_up/oj287/isabel/RDP2/*.fits
Processing 
 failed to process and is not finished
---------------
Fri Dec 18 12:16:13 EST 2020
Working directory: /not_backed_up/oj287/isabel/RDP2
Parameters:
    Coord   = equatorial
    Channel = left
    Cali    = interpolated
    Bg      = 6.0
    RFT     = 0.35
    Wgt     = 0.33
    TS      = 0
    Raw     = 1
    LSS     = 0
    Phot    = 1
    Apt     = 1.25
    Ann     = 3.0
    Fd      = center
    Loc     = 0
    Trm     = 0
    M10     = 0
Fri Dec 18 12:16:40 EST 2020
Working directory: /not_backed_up/oj287/isabel/RDP2
Parameters:
    Coord   = equatorial
    Channel = left
    Cali    = interpolated
    Bg      = 6.0
    RFT     = 0.35
    Wgt     = 0.33
    TS      = 0
    Raw     = 1
    LSS     = 0
    Phot    = 1
    Apt     = 1.25
    Ann     = 3.0
    Fd      = center
    Loc     = 0
    Trm     = 0
    M10     = 0
    FILES   = /not_backed_up/oj287/isabel/RDP2/40963_oj287_jul_30_1230.fits
    FILES   = /not_backed_up/oj287/isabel/RDP2/40965_oj287_jul_30_1330.fits
    FILES   = /not_backed_up/oj287/isabel/RDP2/40966_oj287_jul_30_1430.fits
    FILES   = /not_backed_up/oj287/isabel/RDP2/40967_oj287_jul_30_1530.fits
Processing /not_backed_up/oj287/isabel/RDP2/40967_oj287_jul_30_1530.fits
/not_backed_up/oj287/isabel/RDP2/40967_oj287_jul_30_1530.fits failed to process and is not finished
---------------
Fri Dec 18 12:17:10 EST 2020
Working directory: /not_backed_up/oj287/isabel/RDP2
Parameters:
    Coord   = equatorial
    Channel = left
    Cali    = interpolated
    Bg      = 6.0
    RFT     = 0.35
    Wgt     = 0.33
    TS      = 0
    Raw     = 1
    LSS     = 0
    Phot    = 1
    Apt     = 1.25
    Ann     = 3.0
    Fd      = center
    Loc     = 0
    Trm     = 0
    M10     = 0
    FILES   = 
Processing 
 failed to process and is not finished
---------------
Fri Dec 18 12:17:45 EST 2020
Working directory: /not_backed_up/oj287/isabel/RDP2
Parameters:
    Coord   = equatorial
    Channel = left
    Cali    = interpolated
    Bg      = 6.0
    RFT     = 0.35
    Wgt     = 0.33
    TS      = 0
    Raw     = 1
    LSS     = 0
    Phot    = 1
    Apt     = 1.25
    Ann     = 3.0
    Fd      = center
    Loc     = 0
    Trm     = 0
    M10     = 0
    FILES   = /not_backed_up/oj287/isabel/RDP2
Processing 
 failed to process and is not finished
---------------
Fri Dec 18 12:17:56 EST 2020
Working directory: /not_backed_up/oj287/isabel/RDP2
Parameters:
    Coord   = equatorial
    Channel = left
    Cali    = interpolated
    Bg      = 6.0
    RFT     = 0.35
    Wgt     = 0.33
    TS      = 0
    Raw     = 1
    LSS     = 0
    Phot    = 1
    Apt     = 1.25
    Ann     = 3.0
    Fd      = center
    Loc     = 0
    Trm     = 0
    M10     = 0
    FILES   = /not_backed_up/oj287/isabel/RDP2*.fits
Processing 
 failed to process and is not finished
---------------
Fri Dec 18 12:19:01 EST 2020
Working directory: /not_backed_up/oj287/isabel/RDP2
Parameters:
    Coord   = equatorial
    Channel = left
    Cali    = interpolated
    Bg      = 6.0
    RFT     = 0.35
    Wgt     = 0.33
    TS      = 0
    Raw     = 1
    LSS     = 0
    Phot    = 1
    Apt     = 1.25
    Ann     = 3.0
    Fd      = center
    Loc     = 0
    Trm     = 0
    M10     = 0
    FILES   = /not_backed_up/oj287/isabel/RDP2*.fits
Processing 
 failed to process and is not finished
---------------
Fri Dec 18 12:22:05 EST 2020
Working directory: /not_backed_up/oj287/isabel/RDP2
Parameters:
    Coord   = equatorial
    Channel = left
    Cali    = interpolated
    Bg      = 6.0
    RFT     = 0.35
    Wgt     = 0.33
    TS      = 0
    Raw     = 1
    LSS     = 0
    Phot    = 1
    Apt     = 1.25
    Ann     = 3.0
    Fd      = center
    Loc     = 0
    Trm     = 0
    M10     = 0
    FILES   = /not_backed_up/oj287/isabel/RDP2
Processing 
 failed to process and is not finished
---------------
Fri Dec 18 12:22:37 EST 2020
Working directory: /not_backed_up/oj287/isabel/RDP2
Parameters:
    Coord   = equatorial
    Channel = left
    Cali    = interpolated
    Bg      = 6.0
    RFT     = 0.35
    Wgt     = 0.33
    TS      = 0
    Raw     = 1
    LSS     = 0
    Phot    = 1
    Apt     = 1.25
    Ann     = 3.0
    Fd      = center
    Loc     = 0
    Trm     = 0
    M10     = 0
    FILES   = 40963_oj287_jul_30_1230.fits
Processing 
 failed to process and is not finished
---------------
Fri Dec 18 12:22:56 EST 2020
Working directory: /not_backed_up/oj287/isabel/RDP2
Parameters:
    Coord   = equatorial
    Channel = left
    Cali    = interpolated
    Bg      = 6.0
    RFT     = 0.35
    Wgt     = 0.33
    TS      = 0
    Raw     = 1
    LSS     = 0
    Phot    = 1
    Apt     = 1.25
    Ann     = 3.0
    Fd      = center
    Loc     = 0
    Trm     = 0
    M10     = 0
    FILES   = 40963_oj287_jul_30_1230.fits
Processing 
 failed to process and is not finished
---------------
Fri Dec 18 12:24:15 EST 2020
Working directory: /not_backed_up/oj287/isabel/RDP2
Parameters:
    Coord   = equatorial
    Channel = left
    Cali    = interpolated
    Bg      = 6.0
    RFT     = 0.35
    Wgt     = 0.33
    TS      = 0
    Raw     = 1
    LSS     = 0
    Phot    = 1
    Apt     = 1.25
    Ann     = 3.0
    Fd      = center
    Loc     = 0
    Trm     = 0
    M10     = 0
Processing 
 failed to process and is not finished
---------------
Fri Dec 18 12:24:25 EST 2020
Working directory: /not_backed_up/oj287/isabel/RDP2
Parameters:
    Coord   = equatorial
    Channel = left
    Cali    = interpolated
    Bg      = 6.0
    RFT     = 0.35
    Wgt     = 0.33
    TS      = 0
    Raw     = 1
    LSS     = 0
    Phot    = 1
    Apt     = 1.25
    Ann     = 3.0
    Fd      = center
    Loc     = 0
    Trm     = 0
    M10     = 0
Processing 
 failed to process and is not finished
---------------
Fri Dec 18 12:25:19 EST 2020
Working directory: /not_backed_up/oj287/isabel/RDP2
Parameters:
    Coord   = equatorial
    Channel = left
    Cali    = interpolated
    Bg      = 6.0
    RFT     = 0.35
    Wgt     = 0.33
    TS      = 0
    Raw     = 1
    LSS     = 0
    Phot    = 1
    Apt     = 1.25
    Ann     = 3.0
    Fd      = center
    Loc     = 0
    Trm     = 0
    M10     = 0
Processing 
 failed to process and is not finished
---------------
Fri Dec 18 12:26:02 EST 2020
Working directory: /not_backed_up/oj287/isabel/RDP2
Parameters:
    Coord   = equatorial
    Channel = left
    Cali    = interpolated
    Bg      = 6.0
    RFT     = 0.35
    Wgt     = 0.33
    TS      = 0
    Raw     = 1
    LSS     = 0
    Phot    = 1
    Apt     = 1.25
    Ann     = 3.0
    Fd      = center
    Loc     = 0
    Trm     = 0
    M10     = 0
Processing 
 failed to process and is not finished
---------------
Fri Dec 18 12:28:44 EST 2020
Working directory: /not_backed_up/oj287/isabel/RDP2
Parameters:
    Coord   = equatorial
    Channel = left
    Cali    = interpolated
    Bg      = 6.0
    RFT     = 0.35
    Wgt     = 0.33
    TS      = 0
    Raw     = 1
    LSS     = 0
    Phot    = 1
    Apt     = 1.25
    Ann     = 3.0
    Fd      = center
    Loc     = 0
    Trm     = 0
    M10     = 0
Fri Dec 18 12:28:56 EST 2020
Working directory: /not_backed_up/oj287/isabel/RDP2
Parameters:
    Coord   = equatorial
    Channel = left
    Cali    = interpolated
    Bg      = 6.0
    RFT     = 0.35
    Wgt     = 0.33
    TS      = 0
    Raw     = 1
    LSS     = 0
    Phot    = 1
    Apt     = 1.25
    Ann     = 3.0
    Fd      = center
    Loc     = 0
    Trm     = 0
    M10     = 0
Processing 
 failed to process and is not finished
---------------
Fri Dec 18 12:29:05 EST 2020
Working directory: /not_backed_up/oj287/isabel/RDP2
Parameters:
    Coord   = equatorial
    Channel = left
    Cali    = interpolated
    Bg      = 6.0
    RFT     = 0.35
    Wgt     = 0.33
    TS      = 0
    Raw     = 1
    LSS     = 0
    Phot    = 1
    Apt     = 1.25
    Ann     = 3.0
    Fd      = center
    Loc     = 0
    Trm     = 0
    M10     = 0
Processing 
 failed to process and is not finished
---------------
Fri Dec 18 12:30:33 EST 2020
Working directory: /not_backed_up/oj287/isabel/RDP2
Parameters:
    Coord   = equatorial
    Channel = left
    Cali    = interpolated
    Bg      = 6.0
    RFT     = 0.35
    Wgt     = 0.33
    TS      = 0
    Raw     = 1
    LSS     = 0
    Phot    = 1
    Apt     = 1.25
    Ann     = 3.0
    Fd      = center
    Loc     = 0
    Trm     = 0
    M10     = 0
Processing 
 failed to process and is not finished
---------------
Fri Dec 18 12:30:49 EST 2020
Working directory: /not_backed_up/oj287/isabel/RDP2
Parameters:
    Coord   = equatorial
    Channel = left
    Cali    = interpolated
    Bg      = 6.0
    RFT     = 0.35
    Wgt     = 0.33
    TS      = 0
    Raw     = 1
    LSS     = 0
    Phot    = 1
    Apt     = 1.25
    Ann     = 3.0
    Fd      = center
    Loc     = 0
    Trm     = 0
    M10     = 0
Processing 
 failed to process and is not finished
---------------
Fri Dec 18 12:31:21 EST 2020
Working directory: /not_backed_up/oj287/isabel/RDP2
Parameters:
    Coord   = equatorial
    Channel = left
    Cali    = interpolated
    Bg      = 6.0
    RFT     = 0.35
    Wgt     = 0.33
    TS      = 0
    Raw     = 1
    LSS     = 0
    Phot    = 1
    Apt     = 1.25
    Ann     = 3.0
    Fd      = center
    Loc     = 0
    Trm     = 0
    M10     = 0
Processing 
 failed to process and is not finished
---------------
Fri Dec 18 12:31:48 EST 2020
Working directory: /not_backed_up/oj287/isabel/RDP2
Parameters:
    Coord   = equatorial
    Channel = left
    Cali    = interpolated
    Bg      = 6.0
    RFT     = 0.35
    Wgt     = 0.33
    TS      = 0
    Raw     = 1
    LSS     = 0
    Phot    = 1
    Apt     = 1.25
    Ann     = 3.0
    Fd      = center
    Loc     = 0
    Trm     = 0
    M10     = 0
Processing 
 failed to process and is not finished
---------------
Fri Dec 18 12:31:56 EST 2020
Working directory: /not_backed_up/oj287/isabel/RDP2
Parameters:
    Coord   = equatorial
    Channel = left
    Cali    = interpolated
    Bg      = 6.0
    RFT     = 0.35
    Wgt     = 0.33
    TS      = 0
    Raw     = 1
    LSS     = 0
    Phot    = 1
    Apt     = 1.25
    Ann     = 3.0
    Fd      = center
    Loc     = 0
    Trm     = 0
    M10     = 0
Processing 
 failed to process and is not finished
---------------
Fri Dec 18 12:32:19 EST 2020
Working directory: /not_backed_up/oj287/isabel/RDP2
Parameters:
    Coord   = equatorial
    Channel = left
    Cali    = interpolated
    Bg      = 6.0
    RFT     = 0.35
    Wgt     = 0.33
    TS      = 0
    Raw     = 1
    LSS     = 0
    Phot    = 1
    Apt     = 1.25
    Ann     = 3.0
    Fd      = center
    Loc     = 0
    Trm     = 0
    M10     = 0
Processing 
 failed to process and is not finished
---------------
Fri Dec 18 12:32:27 EST 2020
Working directory: /not_backed_up/oj287/isabel/RDP2
Parameters:
    Coord   = equatorial
    Channel = left
    Cali    = interpolated
    Bg      = 6.0
    RFT     = 0.35
    Wgt     = 0.33
    TS      = 0
    Raw     = 1
    LSS     = 0
    Phot    = 1
    Apt     = 1.25
    Ann     = 3.0
    Fd      = center
    Loc     = 0
    Trm     = 0
    M10     = 0
Processing 
 failed to process and is not finished
---------------
Fri Dec 18 12:33:10 EST 2020
Working directory: /not_backed_up/oj287/isabel/RDP2
Parameters:
    Coord   = equatorial
    Channel = left
    Cali    = interpolated
    Bg      = 6.0
    RFT     = 0.35
    Wgt     = 0.33
    TS      = 0
    Raw     = 1
    LSS     = 0
    Phot    = 1
    Apt     = 1.25
    Ann     = 3.0
    Fd      = center
    Loc     = 0
    Trm     = 0
    M10     = 0
Processing 
 failed to process and is not finished
---------------
Fri Dec 18 12:33:13 EST 2020
Working directory: /not_backed_up/oj287/isabel/RDP2
Parameters:
    Coord   = equatorial
    Channel = left
    Cali    = interpolated
    Bg      = 6.0
    RFT     = 0.35
    Wgt     = 0.33
    TS      = 0
    Raw     = 1
    LSS     = 0
    Phot    = 1
    Apt     = 1.25
    Ann     = 3.0
    Fd      = center
    Loc     = 0
    Trm     = 0
    M10     = 0
Processing 
 failed to process and is not finished
---------------
Fri Dec 18 12:33:52 EST 2020
Working directory: /not_backed_up/oj287/isabel/RDP2
Parameters:
    Coord   = equatorial
    Channel = left
    Cali    = interpolated
    Bg      = 6.0
    RFT     = 0.35
    Wgt     = 0.33
    TS      = 0
    Raw     = 1
    LSS     = 0
    Phot    = 1
    Apt     = 1.25
    Ann     = 3.0
    Fd      = center
    Loc     = 0
    Trm     = 0
    M10     = 0
Processing 
 failed to process and is not finished
---------------
Fri Dec 18 12:34:12 EST 2020
Working directory: /not_backed_up/oj287/isabel/RDP2
Parameters:
    Coord   = equatorial
    Channel = left
    Cali    = interpolated
    Bg      = 6.0
    RFT     = 0.35
    Wgt     = 0.33
    TS      = 0
    Raw     = 1
    LSS     = 0
    Phot    = 1
    Apt     = 1.25
    Ann     = 3.0
    Fd      = center
    Loc     = 0
    Trm     = 0
    M10     = 0
Processing 
 failed to process and is not finished
---------------
Fri Dec 18 12:35:00 EST 2020
Working directory: /not_backed_up/oj287/isabel/RDP2
Parameters:
    Coord   = equatorial
    Channel = left
    Cali    = interpolated
    Bg      = 6.0
    RFT     = 0.35
    Wgt     = 0.33
    TS      = 0
    Raw     = 1
    LSS     = 0
    Phot    = 1
    Apt     = 1.25
    Ann     = 3.0
    Fd      = center
    Loc     = 0
    Trm     = 0
    M10     = 0
Processing /not_backed_up/oj287/isabel/RDP2/40963_oj287_jul_30_1230.fits
/not_backed_up/oj287/isabel/RDP2/40963_oj287_jul_30_1230.fits failed to process and is not finished
---------------
Fri Dec 18 12:35:21 EST 2020
Working directory: /not_backed_up/oj287/isabel/RDP2
Parameters:
    Coord   = equatorial
    Channel = left
    Cali    = interpolated
    Bg      = 6.0
    RFT     = 0.35
    Wgt     = 0.33
    TS      = 0
    Raw     = 1
    LSS     = 0
    Phot    = 1
    Apt     = 1.25
    Ann     = 3.0
    Fd      = center
    Loc     = 0
    Trm     = 0
    M10     = 0
Processing /not_backed_up/oj287/isabel/RDP2/40963_oj287_jul_30_1230.fits
/not_backed_up/oj287/isabel/RDP2/40963_oj287_jul_30_1230.fits failed to process and is not finished
---------------
Fri Dec 18 12:35:37 EST 2020
Working directory: /not_backed_up/oj287/isabel/RDP2
Parameters:
    Coord   = equatorial
    Channel = left
    Cali    = interpolated
    Bg      = 6.0
    RFT     = 0.35
    Wgt     = 0.33
    TS      = 0
    Raw     = 1
    LSS     = 0
    Phot    = 1
    Apt     = 1.25
    Ann     = 3.0
    Fd      = center
    Loc     = 0
    Trm     = 0
    M10     = 0
Processing /not_backed_up/oj287/isabel/RDP2/40963_oj287_jul_30_1230.fits
/not_backed_up/oj287/isabel/RDP2/40963_oj287_jul_30_1230.fits failed to process and is not finished
---------------
Fri Dec 18 12:36:40 EST 2020
Working directory: /not_backed_up/oj287/isabel/RDP2
Parameters:
    Coord   = equatorial
    Channel = left
    Cali    = interpolated
    Bg      = 6.0
    RFT     = 0.35
    Wgt     = 0.33
    TS      = 0
    Raw     = 1
    LSS     = 0
    Phot    = 1
    Apt     = 1.25
    Ann     = 3.0
    Fd      = center
    Loc     = 0
    Trm     = 0
    M10     = 0
Processing /not_backed_up/oj287/isabel/RDP2/40963_oj287_jul_30_1230.fits
/not_backed_up/oj287/isabel/RDP2/40963_oj287_jul_30_1230.fits failed to process and is not finished
---------------
Fri Dec 18 12:36:57 EST 2020
Working directory: /not_backed_up/oj287/isabel/RDP2
Parameters:
    Coord   = equatorial
    Channel = left
    Cali    = interpolated
    Bg      = 6.0
    RFT     = 0.35
    Wgt     = 0.33
    TS      = 0
    Raw     = 1
    LSS     = 0
    Phot    = 1
    Apt     = 1.25
    Ann     = 3.0
    Fd      = center
    Loc     = 0
    Trm     = 0
    M10     = 0
Processing /not_backed_up/oj287/isabel/RDP2/40963_oj287_jul_30_1230.fits
/not_backed_up/oj287/isabel/RDP2/40963_oj287_jul_30_1230.fits failed to process and is not finished
---------------
Fri Dec 18 17:43:57 EST 2020
Working directory: /not_backed_up/oj287/isabel/RDP2
Parameters:
    Coord   = equatorial
    Channel = left
    Cali    = interpolated
    Bg      = 6.0
    RFT     = 0.35
    Wgt     = 0.33
    TS      = 0
    Raw     = 1
    LSS     = 0
    Phot    = 1
    Apt     = 1.25
    Ann     = 3.0
    Fd      = center
    Loc     = 0
    Trm     = 0
    M10     = 0
Processing /not_backed_up/oj287/isabel/RDP2/40963_oj287_jul_30_1230.fits
/not_backed_up/oj287/isabel/RDP2/40963_oj287_jul_30_1230.fits failed to process and is not finished
---------------
Fri Dec 18 18:02:39 EST 2020
Working directory: /not_backed_up/oj287/isabel/RDP2
Parameters:
    Coord   = equatorial
    Channel = left
    Cali    = interpolated
    Bg      = 6.0
    RFT     = 0.35
    Wgt     = 0.33
    TS      = 0
    Raw     = 1
    LSS     = 0
    Phot    = 1
    Apt     = 1.25
    Ann     = 3.0
    Fd      = center
    Loc     = 0
    Trm     = 0
    M10     = 0
Processing /not_backed_up/oj287/isabel/RDP2/40963_oj287_jul_30_1230.fits
/not_backed_up/oj287/isabel/RDP2/40963_oj287_jul_30_1230.fits failed to process and is not finished
---------------
Fri Dec 18 18:07:22 EST 2020
Working directory: /not_backed_up/oj287/isabel/RDP2
Parameters:
    Coord   = equatorial
    Channel = left
    Cali    = interpolated
    Bg      = 6.0
    RFT     = 0.35
    Wgt     = 0.33
    TS      = 0
    Raw     = 1
    LSS     = 0
    Phot    = 1
    Apt     = 1.25
    Ann     = 3.0
    Fd      = center
    Loc     = 0
    Trm     = 0
    M10     = 0
Processing /not_backed_up/oj287/isabel/RDP2/40963_oj287_jul_30_1230.fits
Fri Dec 18 18:17:53 EST 2020
Working directory: /not_backed_up/oj287/isabel/RDP2
Parameters:
    Coord   = equatorial
    Channel = left
    Cali    = interpolated
    Bg      = 6.0
    RFT     = 0.35
    Wgt     = 0.33
    TS      = 0
    Raw     = 1
    LSS     = 0
    Phot    = 1
    Apt     = 1.25
    Ann     = 3.0
    Fd      = center
    Loc     = 0
    Trm     = 0
    M10     = 0
Processing /not_backed_up/oj287/isabel/RDP2/40963_oj287_jul_30_1230.fits
Thu Dec 31 00:18:12 EST 2020
Working directory: /not_backed_up/oj287/isabel/RDP2
Parameters:
    Coord   = equatorial
    Channel = left
    Cali    = interpolated
    Bg      = 6.0
    RFT     = 0.35
    Wgt     = 0.33
    TS      = 0
    Raw     = 1
    LSS     = 0
    Phot    = 1
    Apt     = 1.25
    Ann     = 3.0
    Fd      = center
    Loc     = 0
    Trm     = 0
    M10     = 0
Processing /not_backed_up/oj287/isabel/RDP2/40963_oj287_jul_30_1230.fits
/not_backed_up/oj287/isabel/RDP2/40963_oj287_jul_30_1230.fits failed to process and is not finished
---------------
Thu Dec 31 00:33:56 EST 2020
Working directory: /not_backed_up/oj287/isabel/RDP2
Parameters:
    Coord   = equatorial
    Channel = left
    Cali    = interpolated
    Bg      = 6.0
    RFT     = 0.35
    Wgt     = 0.33
    TS      = 0
    Raw     = 1
    LSS     = 0
    Phot    = 1
    Apt     = 1.25
    Ann     = 3.0
    Fd      = center
    Loc     = 0
    Trm     = 0
    M10     = 0
Processing /not_backed_up/oj287/isabel/RDP2/40963_oj287_jul_30_1230.fits
/not_backed_up/oj287/isabel/RDP2/40963_oj287_jul_30_1230.fits failed to process and is not finished
---------------
Thu Dec 31 00:34:27 EST 2020
Working directory: /not_backed_up/oj287/isabel/RDP2
Parameters:
    Coord   = equatorial
    Channel = left
    Cali    = interpolated
    Bg      = 6.0
    RFT     = 0.35
    Wgt     = 0.33
    TS      = 0
    Raw     = 1
    LSS     = 0
    Phot    = 1
    Apt     = 1.25
    Ann     = 3.0
    Fd      = center
    Loc     = 0
    Trm     = 0
    M10     = 0
Processing /not_backed_up/oj287/isabel/RDP2/40963_oj287_jul_30_1230.fits
/not_backed_up/oj287/isabel/RDP2/40963_oj287_jul_30_1230.fits failed to process and is not finished
---------------
Tue Jan  5 22:20:11 EST 2021
Working directory: /not_backed_up/oj287/isabel/RDP2
Parameters:
    Coord   = equatorial
    Channel = left
    Cali    = interpolated
    Bg      = 6.0
    RFT     = 0.35
    Wgt     = 0.33
    TS      = 0
    Raw     = 1
    LSS     = 0
    Phot    = 1
    Apt     = 1.25
    Ann     = 3.0
    Fd      = center
    Loc     = 0
    Trm     = 0
    M10     = 0
Processing /not_backed_up/oj287/isabel/RDP2/40963_oj287_jul_30_1230.fits
Tue Jan  5 22:33:24 EST 2021
Working directory: /not_backed_up/oj287/isabel/RDP2
Parameters:
    Coord   = equatorial
    Channel = left
    Cali    = interpolated
    Bg      = 6.0
    RFT     = 0.35
    Wgt     = 0.33
    TS      = 0
    Raw     = 1
    LSS     = 0
    Phot    = 1
    Apt     = 1.25
    Ann     = 3.0
    Fd      = center
    Loc     = 0
    Trm     = 0
    M10     = 0
Processing /not_backed_up/oj287/isabel/RDP2/40963_oj287_jul_30_1230.fits
Copying to /not_backed_up/oj287/isabel/RDP2/40963_oj287_jul_30_1230_phot
/not_backed_up/oj287/isabel/RDP2/40963_oj287_jul_30_1230.fits has been processed successfully
---------------
Tue Jan  5 23:04:05 EST 2021
Working directory: /not_backed_up/oj287/isabel/RDP2
Parameters:
    Coord   = equatorial
    Channel = left
    Cali    = interpolated
    Bg      = 6.0
    RFT     = 0.35
    Wgt     = 0.33
    TS      = 0
    Raw     = 1
    LSS     = 0
    Phot    = 1
    Apt     = 1.25
    Ann     = 3.0
    Fd      = center
    Loc     = 0
    Trm     = 0
    M10     = 0
Processing /not_backed_up/oj287/isabel/RDP2/40963_oj287_jul_30_1230.fits
Copying to /not_backed_up/oj287/isabel/RDP2/40963_oj287_jul_30_1230_phot
/not_backed_up/oj287/isabel/RDP2/40963_oj287_jul_30_1230.fits has been processed successfully
---------------
Wed Jan  6 20:06:16 EST 2021
Working directory: /not_backed_up/oj287/isabel/RDP2
Parameters:
    Coord   = equatorial
    Channel = left
    Cali    = interpolated
    Bg      = 6.0
    RFT     = 0.35
    Wgt     = 0.33
    TS      = 0
    Raw     = 1
    LSS     = 0
    Phot    = 1
    Apt     = 1.25
    Ann     = 3.0
    Fd      = center
    Loc     = 0
    Trm     = 0
    M10     = 0
Processing /not_backed_up/oj287/isabel/RDP2/40963_oj287_jul_30_1230.fits
Copying to /not_backed_up/oj287/isabel/RDP2/40963_oj287_jul_30_1230_phot
/not_backed_up/oj287/isabel/RDP2/40963_oj287_jul_30_1230.fits has been processed successfully
---------------
Wed Jan  6 20:33:16 EST 2021
Working directory: /not_backed_up/oj287/isabel/RDP2
Parameters:
    Coord   = equatorial
    Channel = left
    Cali    = interpolated
    Bg      = 6.0
    RFT     = 0.35
    Wgt     = 0.33
    TS      = 0
    Raw     = 1
    LSS     = 0
    Phot    = 1
    Apt     = 1.25
    Ann     = 3.0
    Fd      = center
    Loc     = 0
    Trm     = 0
    M10     = 0
Processing /not_backed_up/oj287/isabel/RDP2/40963_oj287_jul_30_1230.fits
/not_backed_up/oj287/isabel/RDP2/40963_oj287_jul_30_1230.fits failed to process and is not finished
---------------
Wed Jan  6 20:38:29 EST 2021
Working directory: /not_backed_up/oj287/isabel/RDP2
Parameters:
    Coord   = equatorial
    Channel = left
    Cali    = interpolated
    Bg      = 6.0
    RFT     = 0.35
    Wgt     = 0.33
    TS      = 0
    Raw     = 1
    LSS     = 0
    Phot    = 1
    Apt     = 1.25
    Ann     = 3.0
    Fd      = center
    Loc     = 0
    Trm     = 0
    M10     = 0
Processing /not_backed_up/oj287/isabel/RDP2/40963_oj287_jul_30_1230.fits
Copying to /not_backed_up/oj287/isabel/RDP2/40963_oj287_jul_30_1230_phot
/not_backed_up/oj287/isabel/RDP2/40963_oj287_jul_30_1230.fits has been processed successfully
---------------
Wed Jan  6 21:56:19 EST 2021
Working directory: /not_backed_up/oj287/isabel/RDP2
Parameters:
    Coord   = equatorial
    Channel = left
    Cali    = interpolated
    Bg      = 6.0
    RFT     = 0.35
    Wgt     = 0.33
    TS      = 0
    Raw     = 1
    LSS     = 0
    Phot    = 1
    Apt     = 1.25
    Ann     = 3.0
    Fd      = center
    Loc     = 0
    Trm     = 0
    M10     = 0
Processing /not_backed_up/oj287/isabel/RDP2/40963_oj287_jul_30_1230.fits
Copying to /not_backed_up/oj287/isabel/RDP2/40963_oj287_jul_30_1230_phot
/not_backed_up/oj287/isabel/RDP2/40963_oj287_jul_30_1230.fits has been processed successfully
---------------
Wed Jan  6 22:26:58 EST 2021
Working directory: /not_backed_up/oj287/isabel/RDP2
Parameters:
    Coord   = equatorial
    Channel = left
    Cali    = interpolated
    Bg      = 6.0
    RFT     = 0.35
    Wgt     = 0.33
    TS      = 0
    Raw     = 1
    LSS     = 0
    Phot    = 1
    Apt     = 1.25
    Ann     = 3.0
    Fd      = center
    Loc     = 0
    Trm     = 0
    M10     = 0
Processing /not_backed_up/oj287/isabel/RDP2/40963_oj287_jul_30_1230.fits
Copying to /not_backed_up/oj287/isabel/RDP2/40963_oj287_jul_30_1230_phot
/not_backed_up/oj287/isabel/RDP2/40963_oj287_jul_30_1230.fits has been processed successfully
---------------
Wed Jan  6 23:06:46 EST 2021
Working directory: /not_backed_up/oj287/isabel/RDP2
Parameters:
    Coord   = equatorial
    Channel = left
    Cali    = interpolated
    Bg      = 6.0
    RFT     = 0.35
    Wgt     = 0.33
    TS      = 0
    Raw     = 1
    LSS     = 0
    Phot    = 1
    Apt     = 1.25
    Ann     = 3.0
    Fd      = center
    Loc     = 0
    Trm     = 0
    M10     = 0
Processing /not_backed_up/oj287/isabel/RDP2/40963_oj287_jul_30_1230.fits
Copying to /not_backed_up/oj287/isabel/RDP2/40963_oj287_jul_30_1230_phot
/not_backed_up/oj287/isabel/RDP2/40963_oj287_jul_30_1230.fits has been processed successfully
---------------
Thu Jan  7 09:57:44 EST 2021
Working directory: /not_backed_up/oj287/isabel/RDP2
Parameters:
    Coord   = equatorial
    Channel = left
    Cali    = interpolated
    Bg      = 6.0
    RFT     = 0.35
    Wgt     = 0.33
    TS      = 0
    Raw     = 1
    LSS     = 0
    Phot    = 1
    Apt     = 1.25
    Ann     = 3.0
    Fd      = center
    Loc     = 0
    Trm     = 0
    M10     = 0
Processing /not_backed_up/oj287/isabel/RDP2/40963_oj287_jul_30_1230.fits
Copying to /not_backed_up/oj287/isabel/RDP2/40963_oj287_jul_30_1230_phot
/not_backed_up/oj287/isabel/RDP2/40963_oj287_jul_30_1230.fits has been processed successfully
---------------
Thu Jan 21 00:46:12 EST 2021
Working directory: /not_backed_up/oj287/isabel/RDP2
Parameters:
    Coord   = equatorial
    Channel = left
    Cali    = interpolated
    Bg      = 6.0
    RFT     = 0.1
    Wgt     = 0.33
    TS      = 0
    Raw     = 1
    LSS     = 0
    Phot    = 1
    Apt     = 1.25
    Ann     = 3.0
    Fd      = center
    Loc     = 0
    Trm     = 0
    M10     = 0
Processing /not_backed_up/oj287/isabel/RDP2/40963_oj287_jul_30_1230.fits
Copying to /not_backed_up/oj287/isabel/RDP2/40963_oj287_jul_30_1230_phot
/not_backed_up/oj287/isabel/RDP2/40963_oj287_jul_30_1230.fits has been processed successfully
---------------
Wed Feb 10 11:28:55 EST 2021
Working directory: /not_backed_up/oj287/isabel/RDP2
Parameters:
    Coord   = equatorial
    Channel = left
    Cali    = interpolated
    Bg      = 6.0
    RFT     = 0.05
    Wgt     = 0.33
    TS      = 0
    Raw     = 1
    LSS     = 0
    Phot    = 0
    Apt     = 1.25
    Ann     = 3.0
    Fd      = center
    Loc     = 0
    Trm     = 0
    M10     = 0
Processing /not_backed_up/oj287/isabel/RDP2/40963_oj287_jul_30_1230.fits
Copying to /not_backed_up/oj287/isabel/RDP2/40963_oj287_jul_30_1230_phot
/not_backed_up/oj287/isabel/RDP2/40963_oj287_jul_30_1230.fits has been processed successfully
---------------
